11111111111572379819
11111111111572379821
1572380956
11111111111572380957
11111111111572380960
11111111111572380962
11111111111572380971
11111111111572380973
11111111111572380974
1572381139
11111111111572381140
11111111111572381141
11111111111572381148
11111111111572381150
11111111111572381151
11111111111572381153
11111111111572381154
11111111111572381156
11111111111572381157
11111111111572381159
11111111111572381160
11111111111572381162
11111111111572381164
1572381619
11111111111572381621
1572381624
11111111111572381626
11111111111572381629
11111111111572381630
11111111111572381633
011016E49A1572381776
